<?xml version="1.0" encoding="UTF-8"?>
<!-- Generated by org.testng.reporters.JUnitXMLReporter -->
<testsuite hostname="Kiran-TY-WIN7" name="Default test" tests="3" failures="0" timestamp="9 Sep 2017 13:39:48 GMT" time="14.342" errors="0">
  <testcase name="launch" time="4.843" classname="com.qahackthon.hackthondemo.Login.LoginTestcases"/>
  <testcase name="login" time="0.723" classname="com.qahackthon.hackthondemo.Login.LoginTestcases"/>
  <testcase name="editProfile" time="8.743" classname="com.qahackthon.hackthondemo.Login.LoginTestcases"/>
</testsuite> <!-- Default test -->
